<?xml version="1.0" encoding="UTF-8"?>
<!-- Generated by org.testng.reporters.JUnitReportReporter -->
<testsuite skipped="0" hostname="lenovo" name="tests.CalculatorTest" tests="22" failures="0" timestamp="2020-05-04T19:20:57 EET" time="0.144" errors="0">
  <testcase name="testAddNegativeOutOfBoundaryInvalid" time="0.007" classname="tests.CalculatorTest"/>
  <system-out/>
  <testcase name="testAddIntegerBoundaryValid" time="0.023" classname="tests.CalculatorTest"/>
  <system-out/>
  <testcase name="testSubMaxIntegerOutOfBoundaryInvalid" time="0.012" classname="tests.CalculatorTest"/>
  <system-out/>
  <testcase name="testAddPositiveValidNumbers" time="0.003" classname="tests.CalculatorTest"/>
  <system-out/>
  <testcase name="testDivIntegerBoundaryValid" time="0.002" classname="tests.CalculatorTest"/>
  <system-out/>
  <testcase name="testMulNegativeValidNumbers" time="0.003" classname="tests.CalculatorTest"/>
  <system-out/>
  <testcase name="testDivNegativeValidNumbers" time="0.002" classname="tests.CalculatorTest"/>
  <system-out/>
  <testcase name="testSubNegativeValidNumbers" time="0.004" classname="tests.CalculatorTest"/>
  <system-out/>
  <testcase name="testDivPositiveValidNumbers" time="0.004" classname="tests.CalculatorTest"/>
  <system-out/>
  <testcase name="testSubPositiveValidNumbers" time="0.005" classname="tests.CalculatorTest"/>
  <system-out/>
  <testcase name="testSubZeroBoundaryValid" time="0.004" classname="tests.CalculatorTest"/>
  <system-out/>
  <testcase name="testAddPositiveOutOfBoundaryInvalid" time="0.005" classname="tests.CalculatorTest"/>
  <system-out/>
  <testcase name="testMulPositiveValidNumbers" time="0.007" classname="tests.CalculatorTest"/>
  <system-out/>
  <testcase name="testMulZeroBoundaryValid" time="0.003" classname="tests.CalculatorTest"/>
  <system-out/>
  <testcase name="testDivZerobyAnyNumValid" time="0.006" classname="tests.CalculatorTest"/>
  <system-out/>
  <testcase name="testDivByZeroInValid" time="0.004" classname="tests.CalculatorTest"/>
  <system-out/>
  <testcase name="testDivZeroBoundaryValid" time="0.003" classname="tests.CalculatorTest"/>
  <system-out/>
  <testcase name="testAddZeroBoundaryValid" time="0.009" classname="tests.CalculatorTest"/>
  <system-out/>
  <testcase name="testAddNegativeValidNumbers" time="0.004" classname="tests.CalculatorTest"/>
  <system-out/>
  <testcase name="testMulMaxIntegerOutOfBoundaryInvalid" time="0.004" classname="tests.CalculatorTest"/>
  <system-out/>
  <testcase name="testSubMinIntegerOutOfBoundaryInvalid" time="0.006" classname="tests.CalculatorTest"/>
  <system-out/>
  <testcase name="testMulMinIntegerOutOfBoundaryInvalid" time="0.024" classname="tests.CalculatorTest"/>
  <system-out/>
</testsuite> <!-- tests.CalculatorTest -->
