<?xml version="1.0" encoding="UTF-8"?>
<!-- Generated by org.testng.reporters.JUnitReportReporter -->
<testsuite skipped="0" hostname="lenovo" name="tests.AdditionTestCases" tests="6" failures="0" timestamp="2020-05-04T20:39:31 EET" time="0.048" errors="0">
  <testcase name="testAddNegativeValidNumbers" time="0.004" classname="tests.AdditionTestCases"/>
  <system-out/>
  <testcase name="testAddIntegerBoundaryValid" time="0.026" classname="tests.AdditionTestCases"/>
  <system-out/>
  <testcase name="testAddPositiveOutOfBoundaryInvalid" time="0.005" classname="tests.AdditionTestCases"/>
  <system-out/>
  <testcase name="testAddZeroBoundaryValid" time="0.003" classname="tests.AdditionTestCases"/>
  <system-out/>
  <testcase name="testAddPositiveValidNumbers" time="0.003" classname="tests.AdditionTestCases"/>
  <system-out/>
  <testcase name="testAddNegativeOutOfBoundaryInvalid" time="0.007" classname="tests.AdditionTestCases"/>
  <system-out/>
</testsuite> <!-- tests.AdditionTestCases -->
