<?xml version="1.0" encoding="UTF-8"?>
<!-- Generated by org.testng.reporters.JUnitReportReporter -->
<testsuite skipped="0" hostname="lenovo" name="tests.DivisionTestCases" tests="6" failures="0" timestamp="2020-05-04T20:39:31 EET" time="0.017" errors="0">
  <testcase name="testDivPositiveValidNumbers" time="0.003" classname="tests.DivisionTestCases"/>
  <system-out/>
  <testcase name="testDivByZeroInValid" time="0.003" classname="tests.DivisionTestCases"/>
  <system-out/>
  <testcase name="testDivZerobyAnyNumValid" time="0.002" classname="tests.DivisionTestCases"/>
  <system-out/>
  <testcase name="testDivNegativeValidNumbers" time="0.003" classname="tests.DivisionTestCases"/>
  <system-out/>
  <testcase name="testDivZeroBoundaryValid" time="0.004" classname="tests.DivisionTestCases"/>
  <system-out/>
  <testcase name="testDivIntegerBoundaryValid" time="0.002" classname="tests.DivisionTestCases"/>
  <system-out/>
</testsuite> <!-- tests.DivisionTestCases -->
