<?xml version="1.0" encoding="UTF-8"?>
<!-- Generated by org.testng.reporters.JUnitReportReporter -->
<testsuite skipped="0" hostname="lenovo" name="testinggeeks.CalculatorTest" tests="22" failures="0" timestamp="2020-05-04T18:28:28 EET" time="0.071" errors="0">
  <testcase name="testAddNegativeOutOfBoundaryInvalid" time="0.004" classname="testinggeeks.CalculatorTest"/>
  <system-out/>
  <testcase name="testAddIntegerBoundaryValid" time="0.013" classname="testinggeeks.CalculatorTest"/>
  <system-out/>
  <testcase name="testSubMaxIntegerOutOfBoundaryInvalid" time="0.002" classname="testinggeeks.CalculatorTest"/>
  <system-out/>
  <testcase name="testAddPositiveValidNumbers" time="0.008" classname="testinggeeks.CalculatorTest"/>
  <system-out/>
  <testcase name="testDivIntegerBoundaryValid" time="0.001" classname="testinggeeks.CalculatorTest"/>
  <system-out/>
  <testcase name="testMulNegativeValidNumbers" time="0.001" classname="testinggeeks.CalculatorTest"/>
  <system-out/>
  <testcase name="testDivNegativeValidNumbers" time="0.001" classname="testinggeeks.CalculatorTest"/>
  <system-out/>
  <testcase name="testSubNegativeValidNumbers" time="0.002" classname="testinggeeks.CalculatorTest"/>
  <system-out/>
  <testcase name="testDivPositiveValidNumbers" time="0.002" classname="testinggeeks.CalculatorTest"/>
  <system-out/>
  <testcase name="testSubPositiveValidNumbers" time="0.004" classname="testinggeeks.CalculatorTest"/>
  <system-out/>
  <testcase name="testSubZeroBoundaryValid" time="0.001" classname="testinggeeks.CalculatorTest"/>
  <system-out/>
  <testcase name="testAddPositiveOutOfBoundaryInvalid" time="0.003" classname="testinggeeks.CalculatorTest"/>
  <system-out/>
  <testcase name="testMulPositiveValidNumbers" time="0.002" classname="testinggeeks.CalculatorTest"/>
  <system-out/>
  <testcase name="testMulZeroBoundaryValid" time="0.001" classname="testinggeeks.CalculatorTest"/>
  <system-out/>
  <testcase name="testDivZerobyAnyNumValid" time="0.002" classname="testinggeeks.CalculatorTest"/>
  <system-out/>
  <testcase name="testDivByZeroInValid" time="0.002" classname="testinggeeks.CalculatorTest"/>
  <system-out/>
  <testcase name="testDivZeroBoundaryValid" time="0.003" classname="testinggeeks.CalculatorTest"/>
  <system-out/>
  <testcase name="testAddZeroBoundaryValid" time="0.002" classname="testinggeeks.CalculatorTest"/>
  <system-out/>
  <testcase name="testAddNegativeValidNumbers" time="0.003" classname="testinggeeks.CalculatorTest"/>
  <system-out/>
  <testcase name="testMulMaxIntegerOutOfBoundaryInvalid" time="0.002" classname="testinggeeks.CalculatorTest"/>
  <system-out/>
  <testcase name="testSubMinIntegerOutOfBoundaryInvalid" time="0.003" classname="testinggeeks.CalculatorTest"/>
  <system-out/>
  <testcase name="testMulMinIntegerOutOfBoundaryInvalid" time="0.009" classname="testinggeeks.CalculatorTest"/>
  <system-out/>
</testsuite> <!-- testinggeeks.CalculatorTest -->
