<?xml version="1.0" encoding="UTF-8"?>
<!-- Generated by org.testng.reporters.JUnitReportReporter -->
<testsuite skipped="0" hostname="lenovo" name="tests.MultiplicationTestCases" tests="5" failures="0" timestamp="2020-05-04T20:39:31 EET" time="0.019" errors="0">
  <testcase name="testMulMaxIntegerOutOfBoundaryInvalid" time="0.005" classname="tests.MultiplicationTestCases"/>
  <system-out/>
  <testcase name="testMulPositiveValidNumbers" time="0.002" classname="tests.MultiplicationTestCases"/>
  <system-out/>
  <testcase name="testMulZeroBoundaryValid" time="0.003" classname="tests.MultiplicationTestCases"/>
  <system-out/>
  <testcase name="testMulMinIntegerOutOfBoundaryInvalid" time="0.006" classname="tests.MultiplicationTestCases"/>
  <system-out/>
  <testcase name="testMulNegativeValidNumbers" time="0.003" classname="tests.MultiplicationTestCases"/>
  <system-out/>
</testsuite> <!-- tests.MultiplicationTestCases -->
