<?xml version="1.0" encoding="UTF-8"?>
<!-- Generated by org.testng.reporters.JUnitReportReporter -->
<testsuite skipped="0" hostname="lenovo" name="tests.SubtractionTestCases" tests="5" failures="0" timestamp="2020-05-04T20:39:31 EET" time="0.016" errors="0">
  <testcase name="testSubPositiveValidNumbers" time="0.003" classname="tests.SubtractionTestCases"/>
  <system-out/>
  <testcase name="testSubMinIntegerOutOfBoundaryInvalid" time="0.003" classname="tests.SubtractionTestCases"/>
  <system-out/>
  <testcase name="testSubMaxIntegerOutOfBoundaryInvalid" time="0.004" classname="tests.SubtractionTestCases"/>
  <system-out/>
  <testcase name="testSubZeroBoundaryValid" time="0.003" classname="tests.SubtractionTestCases"/>
  <system-out/>
  <testcase name="testSubNegativeValidNumbers" time="0.003" classname="tests.SubtractionTestCases"/>
  <system-out/>
</testsuite> <!-- tests.SubtractionTestCases -->
